<testsuites name="Mocha Tests">
  <testsuite name="REST API test suite description" tests="9" errors="0" failures="0" skipped="0" timestamp="2020-03-17T15:56:00" time="0.275">
    <testcase classname="REST API test suite description" name="test case description" time="0.088">
    </testcase>
    <testcase classname="REST API test suite description" name="test case description" time="0.006">
    </testcase>
    <testcase classname="REST API test suite description" name="test case description" time="0.011">
    </testcase>
    <testcase classname="REST API test suite description" name="test case description" time="0.006">
    </testcase>
    <testcase classname="REST API test suite description" name="test case description" time="0.013">
    </testcase>
    <testcase classname="REST API test suite description" name="test case description" time="0.012">
    </testcase>
    <testcase classname="REST API test suite description" name="test case description" time="0.011">
    </testcase>
    <testcase classname="REST API test suite description" name="test case description" time="0.011">
    </testcase>
    <testcase classname="REST API test suite description" name="test case description" time="0.014">
    </testcase>
  </testsuite>
</testsuites>